<?xml version="1.0" encoding="UTF-8"?>
<coverage generated="1752567958735" clover="3.2.0">
  <project timestamp="1752567958735" name="All files">
    <metrics statements="59" coveredstatements="49" conditionals="0" coveredconditionals="0" methods="39" coveredmethods="16" elements="98" coveredelements="65" complexity="0" loc="59" ncloc="59" packages="6" files="7" classes="7"/>
    <package name="controller">
      <metrics statements="14" coveredstatements="12" conditionals="0" coveredconditionals="0" methods="13" coveredmethods="11"/>
      <file name="product.controller.js" path="C:\Users\Ameet Khemani\Downloads\New folder (3)\New folder (2)\ECommerce-ExpressJs-Solution-main\Express\modules\product\controller\product.controller.js">
        <metrics statements="14" coveredstatements="12" conditionals="0" coveredconditionals="0" methods="13" coveredmethods="11"/>
        <line num="4" count="2" type="stmt"/>
        <line num="9" count="1" type="stmt"/>
        <line num="14" count="2" type="stmt"/>
        <line num="19" count="2" type="stmt"/>
        <line num="24" count="2" type="stmt"/>
        <line num="29" count="2" type="stmt"/>
        <line num="34" count="0" type="stmt"/>
        <line num="39" count="0" type="stmt"/>
        <line num="44" count="2" type="stmt"/>
        <line num="49" count="2" type="stmt"/>
        <line num="54" count="3" type="stmt"/>
        <line num="59" count="3" type="stmt"/>
        <line num="64" count="2" type="stmt"/>
        <line num="68" count="1" type="stmt"/>
      </file>
    </package>
    <package name="dao.models">
      <metrics statements="8" coveredstatements="8" conditionals="0" coveredconditionals="0" methods="0" coveredmethods="0"/>
      <file name="cart.model.js" path="C:\Users\Ameet Khemani\Downloads\New folder (3)\New folder (2)\ECommerce-ExpressJs-Solution-main\Express\modules\product\dao\models\cart.model.js">
        <metrics statements="5" coveredstatements="5" conditionals="0" coveredconditionals="0" methods="0" coveredmethods="0"/>
        <line num="1" count="1" type="stmt"/>
        <line num="3" count="1" type="stmt"/>
        <line num="9" count="1" type="stmt"/>
        <line num="16" count="1" type="stmt"/>
        <line num="18" count="1" type="stmt"/>
      </file>
      <file name="product.model.js" path="C:\Users\Ameet Khemani\Downloads\New folder (3)\New folder (2)\ECommerce-ExpressJs-Solution-main\Express\modules\product\dao\models\product.model.js">
        <metrics statements="3" coveredstatements="3" conditionals="0" coveredconditionals="0" methods="0" coveredmethods="0"/>
        <line num="1" count="1" type="stmt"/>
        <line num="3" count="1" type="stmt"/>
        <line num="4" count="1" type="stmt"/>
      </file>
    </package>
    <package name="dao.schemas">
      <metrics statements="3" coveredstatements="3" conditionals="0" coveredconditionals="0" methods="0" coveredmethods="0"/>
      <file name="product.schema.js" path="C:\Users\Ameet Khemani\Downloads\New folder (3)\New folder (2)\ECommerce-ExpressJs-Solution-main\Express\modules\product\dao\schemas\product.schema.js">
        <metrics statements="3" coveredstatements="3" conditionals="0" coveredconditionals="0" methods="0" coveredmethods="0"/>
        <line num="1" count="1" type="stmt"/>
        <line num="3" count="1" type="stmt"/>
        <line num="12" count="1" type="stmt"/>
      </file>
    </package>
    <package name="routes">
      <metrics statements="18" coveredstatements="18" conditionals="0" coveredconditionals="0" methods="0" coveredmethods="0"/>
      <file name="product.routes.js" path="C:\Users\Ameet Khemani\Downloads\New folder (3)\New folder (2)\ECommerce-ExpressJs-Solution-main\Express\modules\product\routes\product.routes.js">
        <metrics statements="18" coveredstatements="18" conditionals="0" coveredconditionals="0" methods="0" coveredmethods="0"/>
        <line num="1" count="1" type="stmt"/>
        <line num="2" count="1" type="stmt"/>
        <line num="4" count="1" type="stmt"/>
        <line num="5" count="1" type="stmt"/>
        <line num="7" count="1" type="stmt"/>
        <line num="8" count="1" type="stmt"/>
        <line num="9" count="1" type="stmt"/>
        <line num="10" count="1" type="stmt"/>
        <line num="11" count="1" type="stmt"/>
        <line num="12" count="1" type="stmt"/>
        <line num="13" count="1" type="stmt"/>
        <line num="14" count="1" type="stmt"/>
        <line num="15" count="1" type="stmt"/>
        <line num="16" count="1" type="stmt"/>
        <line num="17" count="1" type="stmt"/>
        <line num="18" count="1" type="stmt"/>
        <line num="19" count="1" type="stmt"/>
        <line num="21" count="1" type="stmt"/>
      </file>
    </package>
    <package name="service">
      <metrics statements="1" coveredstatements="1" conditionals="0" coveredconditionals="0" methods="13" coveredmethods="0"/>
      <file name="product.service.js" path="C:\Users\Ameet Khemani\Downloads\New folder (3)\New folder (2)\ECommerce-ExpressJs-Solution-main\Express\modules\product\service\product.service.js">
        <metrics statements="1" coveredstatements="1" conditionals="0" coveredconditionals="0" methods="13" coveredmethods="0"/>
        <line num="17" count="2" type="stmt"/>
      </file>
    </package>
    <package name="service.impl">
      <metrics statements="15" coveredstatements="7" conditionals="0" coveredconditionals="0" methods="13" coveredmethods="5"/>
      <file name="product.serviceImpl.js" path="C:\Users\Ameet Khemani\Downloads\New folder (3)\New folder (2)\ECommerce-ExpressJs-Solution-main\Express\modules\product\service\impl\product.serviceImpl.js">
        <metrics statements="15" coveredstatements="7" conditionals="0" coveredconditionals="0" methods="13" coveredmethods="5"/>
        <line num="1" count="2" type="stmt"/>
        <line num="6" count="2" type="stmt"/>
        <line num="11" count="3" type="stmt"/>
        <line num="16" count="3" type="stmt"/>
        <line num="21" count="3" type="stmt"/>
        <line num="26" count="2" type="stmt"/>
        <line num="31" count="0" type="stmt"/>
        <line num="36" count="0" type="stmt"/>
        <line num="41" count="0" type="stmt"/>
        <line num="46" count="0" type="stmt"/>
        <line num="51" count="0" type="stmt"/>
        <line num="56" count="0" type="stmt"/>
        <line num="61" count="0" type="stmt"/>
        <line num="66" count="0" type="stmt"/>
        <line num="70" count="2" type="stmt"/>
      </file>
    </package>
  </project>
</coverage>
