{"C:\\Users\\Ameet Khemani\\Downloads\\New folder (3)\\New folder (2)\\ECommerce-ExpressJs-Solution-main\\Express\\modules\\product\\controller\\product.controller.js": {"path":"C:\\Users\\Ameet Khemani\\Downloads\\New folder (3)\\New folder (2)\\ECommerce-ExpressJs-Solution-main\\Express\\modules\\product\\controller\\product.controller.js","statementMap":{"0":{"start":{"line":4,"column":8},"end":{"line":4,"column":20}},"1":{"start":{"line":9,"column":8},"end":{"line":9,"column":20}},"2":{"start":{"line":14,"column":8},"end":{"line":14,"column":20}},"3":{"start":{"line":19,"column":8},"end":{"line":19,"column":20}},"4":{"start":{"line":24,"column":8},"end":{"line":24,"column":20}},"5":{"start":{"line":29,"column":8},"end":{"line":29,"column":20}},"6":{"start":{"line":34,"column":8},"end":{"line":34,"column":20}},"7":{"start":{"line":39,"column":8},"end":{"line":39,"column":20}},"8":{"start":{"line":44,"column":8},"end":{"line":44,"column":20}},"9":{"start":{"line":49,"column":8},"end":{"line":49,"column":20}},"10":{"start":{"line":54,"column":8},"end":{"line":54,"column":20}},"11":{"start":{"line":59,"column":8},"end":{"line":59,"column":20}},"12":{"start":{"line":64,"column":8},"end":{"line":64,"column":20}},"13":{"start":{"line":68,"column":0},"end":{"line":68,"column":35}}},"fnMap":{"0":{"name":"(anonymous_0)","decl":{"start":{"line":2,"column":4},"end":{"line":2,"column":5}},"loc":{"start":{"line":2,"column":35},"end":{"line":5,"column":5}},"line":2},"1":{"name":"(anonymous_1)","decl":{"start":{"line":7,"column":4},"end":{"line":7,"column":5}},"loc":{"start":{"line":7,"column":34},"end":{"line":10,"column":5}},"line":7},"2":{"name":"(anonymous_2)","decl":{"start":{"line":12,"column":4},"end":{"line":12,"column":5}},"loc":{"start":{"line":12,"column":34},"end":{"line":15,"column":5}},"line":12},"3":{"name":"(anonymous_3)","decl":{"start":{"line":17,"column":4},"end":{"line":17,"column":5}},"loc":{"start":{"line":17,"column":40},"end":{"line":20,"column":5}},"line":17},"4":{"name":"(anonymous_4)","decl":{"start":{"line":22,"column":4},"end":{"line":22,"column":5}},"loc":{"start":{"line":22,"column":34},"end":{"line":25,"column":5}},"line":22},"5":{"name":"(anonymous_5)","decl":{"start":{"line":27,"column":4},"end":{"line":27,"column":5}},"loc":{"start":{"line":27,"column":29},"end":{"line":30,"column":5}},"line":27},"6":{"name":"(anonymous_6)","decl":{"start":{"line":32,"column":4},"end":{"line":32,"column":5}},"loc":{"start":{"line":32,"column":30},"end":{"line":35,"column":5}},"line":32},"7":{"name":"(anonymous_7)","decl":{"start":{"line":37,"column":4},"end":{"line":37,"column":5}},"loc":{"start":{"line":37,"column":33},"end":{"line":40,"column":5}},"line":37},"8":{"name":"(anonymous_8)","decl":{"start":{"line":42,"column":4},"end":{"line":42,"column":5}},"loc":{"start":{"line":42,"column":35},"end":{"line":45,"column":5}},"line":42},"9":{"name":"(anonymous_9)","decl":{"start":{"line":47,"column":4},"end":{"line":47,"column":5}},"loc":{"start":{"line":47,"column":35},"end":{"line":50,"column":5}},"line":47},"10":{"name":"(anonymous_10)","decl":{"start":{"line":52,"column":4},"end":{"line":52,"column":5}},"loc":{"start":{"line":52,"column":31},"end":{"line":55,"column":5}},"line":52},"11":{"name":"(anonymous_11)","decl":{"start":{"line":57,"column":4},"end":{"line":57,"column":5}},"loc":{"start":{"line":57,"column":34},"end":{"line":60,"column":5}},"line":57},"12":{"name":"(anonymous_12)","decl":{"start":{"line":62,"column":4},"end":{"line":62,"column":5}},"loc":{"start":{"line":62,"column":34},"end":{"line":65,"column":5}},"line":62}},"branchMap":{},"s":{"0":2,"1":1,"2":2,"3":2,"4":2,"5":2,"6":0,"7":0,"8":2,"9":2,"10":3,"11":3,"12":2,"13":1},"f":{"0":2,"1":1,"2":2,"3":2,"4":2,"5":2,"6":0,"7":0,"8":2,"9":2,"10":3,"11":3,"12":2},"b":{},"_coverageSchema":"1a1c01bbd47fc00a2c39e90264f33305004495a9","hash":"ca165952d2497580199b5d06561bb595de0850fb"}
,"C:\\Users\\Ameet Khemani\\Downloads\\New folder (3)\\New folder (2)\\ECommerce-ExpressJs-Solution-main\\Express\\modules\\product\\dao\\models\\cart.model.js": {"path":"C:\\Users\\Ameet Khemani\\Downloads\\New folder (3)\\New folder (2)\\ECommerce-ExpressJs-Solution-main\\Express\\modules\\product\\dao\\models\\cart.model.js","statementMap":{"0":{"start":{"line":1,"column":17},"end":{"line":1,"column":36}},"1":{"start":{"line":3,"column":23},"end":{"line":7,"column":2}},"2":{"start":{"line":9,"column":19},"end":{"line":14,"column":2}},"3":{"start":{"line":16,"column":13},"end":{"line":16,"column":47}},"4":{"start":{"line":18,"column":0},"end":{"line":18,"column":22}}},"fnMap":{},"branchMap":{},"s":{"0":1,"1":1,"2":1,"3":1,"4":1},"f":{},"b":{},"_coverageSchema":"1a1c01bbd47fc00a2c39e90264f33305004495a9","hash":"76129fda047420ea8a520e6d5ae542b8a6ebdd67"}
,"C:\\Users\\Ameet Khemani\\Downloads\\New folder (3)\\New folder (2)\\ECommerce-ExpressJs-Solution-main\\Express\\modules\\product\\dao\\models\\product.model.js": {"path":"C:\\Users\\Ameet Khemani\\Downloads\\New folder (3)\\New folder (2)\\ECommerce-ExpressJs-Solution-main\\Express\\modules\\product\\dao\\models\\product.model.js","statementMap":{"0":{"start":{"line":1,"column":15},"end":{"line":1,"column":34}},"1":{"start":{"line":3,"column":20},"end":{"line":3,"column":56}},"2":{"start":{"line":4,"column":0},"end":{"line":4,"column":58}}},"fnMap":{},"branchMap":{},"s":{"0":1,"1":1,"2":1},"f":{},"b":{},"_coverageSchema":"1a1c01bbd47fc00a2c39e90264f33305004495a9","hash":"7b60b8f6663512e8f95b6d37c68ae793066a8330"}
,"C:\\Users\\Ameet Khemani\\Downloads\\New folder (3)\\New folder (2)\\ECommerce-ExpressJs-Solution-main\\Express\\modules\\product\\dao\\schemas\\product.schema.js": {"path":"C:\\Users\\Ameet Khemani\\Downloads\\New folder (3)\\New folder (2)\\ECommerce-ExpressJs-Solution-main\\Express\\modules\\product\\dao\\schemas\\product.schema.js","statementMap":{"0":{"start":{"line":1,"column":17},"end":{"line":1,"column":36}},"1":{"start":{"line":3,"column":22},"end":{"line":10,"column":2}},"2":{"start":{"line":12,"column":0},"end":{"line":12,"column":31}}},"fnMap":{},"branchMap":{},"s":{"0":1,"1":1,"2":1},"f":{},"b":{},"_coverageSchema":"1a1c01bbd47fc00a2c39e90264f33305004495a9","hash":"a8215db4d2fb61470e6f9d97372e582cfa304e81"}
,"C:\\Users\\Ameet Khemani\\Downloads\\New folder (3)\\New folder (2)\\ECommerce-ExpressJs-Solution-main\\Express\\modules\\product\\routes\\product.routes.js": {"path":"C:\\Users\\Ameet Khemani\\Downloads\\New folder (3)\\New folder (2)\\ECommerce-ExpressJs-Solution-main\\Express\\modules\\product\\routes\\product.routes.js","statementMap":{"0":{"start":{"line":1,"column":16},"end":{"line":1,"column":34}},"1":{"start":{"line":2,"column":15},"end":{"line":2,"column":31}},"2":{"start":{"line":4,"column":26},"end":{"line":4,"column":69}},"3":{"start":{"line":5,"column":26},"end":{"line":5,"column":49}},"4":{"start":{"line":7,"column":0},"end":{"line":7,"column":53}},"5":{"start":{"line":8,"column":0},"end":{"line":8,"column":50}},"6":{"start":{"line":9,"column":0},"end":{"line":9,"column":55}},"7":{"start":{"line":10,"column":0},"end":{"line":10,"column":65}},"8":{"start":{"line":11,"column":0},"end":{"line":11,"column":66}},"9":{"start":{"line":12,"column":0},"end":{"line":12,"column":56}},"10":{"start":{"line":13,"column":0},"end":{"line":13,"column":62}},"11":{"start":{"line":14,"column":0},"end":{"line":14,"column":70}},"12":{"start":{"line":15,"column":0},"end":{"line":15,"column":77}},"13":{"start":{"line":16,"column":0},"end":{"line":16,"column":80}},"14":{"start":{"line":17,"column":0},"end":{"line":17,"column":49}},"15":{"start":{"line":18,"column":0},"end":{"line":18,"column":52}},"16":{"start":{"line":19,"column":0},"end":{"line":19,"column":55}},"17":{"start":{"line":21,"column":0},"end":{"line":21,"column":24}}},"fnMap":{},"branchMap":{},"s":{"0":1,"1":1,"2":1,"3":1,"4":1,"5":1,"6":1,"7":1,"8":1,"9":1,"10":1,"11":1,"12":1,"13":1,"14":1,"15":1,"16":1,"17":1},"f":{},"b":{},"_coverageSchema":"1a1c01bbd47fc00a2c39e90264f33305004495a9","hash":"f8d6a75fc299434a6ea2c688422d91d8904b1cce"}
,"C:\\Users\\Ameet Khemani\\Downloads\\New folder (3)\\New folder (2)\\ECommerce-ExpressJs-Solution-main\\Express\\modules\\product\\service\\product.service.js": {"path":"C:\\Users\\Ameet Khemani\\Downloads\\New folder (3)\\New folder (2)\\ECommerce-ExpressJs-Solution-main\\Express\\modules\\product\\service\\product.service.js","statementMap":{"0":{"start":{"line":17,"column":0},"end":{"line":17,"column":32}}},"fnMap":{"0":{"name":"(anonymous_0)","decl":{"start":{"line":2,"column":4},"end":{"line":2,"column":5}},"loc":{"start":{"line":2,"column":37},"end":{"line":2,"column":40}},"line":2},"1":{"name":"(anonymous_1)","decl":{"start":{"line":3,"column":4},"end":{"line":3,"column":5}},"loc":{"start":{"line":3,"column":32},"end":{"line":3,"column":35}},"line":3},"2":{"name":"(anonymous_2)","decl":{"start":{"line":4,"column":4},"end":{"line":4,"column":5}},"loc":{"start":{"line":4,"column":51},"end":{"line":4,"column":54}},"line":4},"3":{"name":"(anonymous_3)","decl":{"start":{"line":5,"column":4},"end":{"line":5,"column":5}},"loc":{"start":{"line":5,"column":35},"end":{"line":5,"column":38}},"line":5},"4":{"name":"(anonymous_4)","decl":{"start":{"line":6,"column":4},"end":{"line":6,"column":5}},"loc":{"start":{"line":6,"column":27},"end":{"line":6,"column":30}},"line":6},"5":{"name":"(anonymous_5)","decl":{"start":{"line":7,"column":4},"end":{"line":7,"column":5}},"loc":{"start":{"line":7,"column":37},"end":{"line":7,"column":40}},"line":7},"6":{"name":"(anonymous_6)","decl":{"start":{"line":8,"column":4},"end":{"line":8,"column":5}},"loc":{"start":{"line":8,"column":43},"end":{"line":8,"column":46}},"line":8},"7":{"name":"(anonymous_7)","decl":{"start":{"line":9,"column":4},"end":{"line":9,"column":5}},"loc":{"start":{"line":9,"column":52},"end":{"line":9,"column":55}},"line":9},"8":{"name":"(anonymous_8)","decl":{"start":{"line":10,"column":4},"end":{"line":10,"column":5}},"loc":{"start":{"line":10,"column":31},"end":{"line":10,"column":34}},"line":10},"9":{"name":"(anonymous_9)","decl":{"start":{"line":11,"column":4},"end":{"line":11,"column":5}},"loc":{"start":{"line":11,"column":49},"end":{"line":11,"column":52}},"line":11},"10":{"name":"(anonymous_10)","decl":{"start":{"line":12,"column":4},"end":{"line":12,"column":5}},"loc":{"start":{"line":12,"column":27},"end":{"line":12,"column":30}},"line":12},"11":{"name":"(anonymous_11)","decl":{"start":{"line":13,"column":4},"end":{"line":13,"column":5}},"loc":{"start":{"line":13,"column":51},"end":{"line":13,"column":54}},"line":13},"12":{"name":"(anonymous_12)","decl":{"start":{"line":14,"column":4},"end":{"line":14,"column":5}},"loc":{"start":{"line":14,"column":41},"end":{"line":14,"column":44}},"line":14}},"branchMap":{},"s":{"0":2},"f":{"0":0,"1":0,"2":0,"3":0,"4":0,"5":0,"6":0,"7":0,"8":0,"9":0,"10":0,"11":0,"12":0},"b":{},"_coverageSchema":"1a1c01bbd47fc00a2c39e90264f33305004495a9","hash":"0bb0021e7819580ee8271c285cd64339dc4806e4"}
,"C:\\Users\\Ameet Khemani\\Downloads\\New folder (3)\\New folder (2)\\ECommerce-ExpressJs-Solution-main\\Express\\modules\\product\\service\\impl\\product.serviceImpl.js": {"path":"C:\\Users\\Ameet Khemani\\Downloads\\New folder (3)\\New folder (2)\\ECommerce-ExpressJs-Solution-main\\Express\\modules\\product\\service\\impl\\product.serviceImpl.js","statementMap":{"0":{"start":{"line":1,"column":23},"end":{"line":1,"column":52}},"1":{"start":{"line":6,"column":8},"end":{"line":6,"column":20}},"2":{"start":{"line":11,"column":8},"end":{"line":11,"column":20}},"3":{"start":{"line":16,"column":8},"end":{"line":16,"column":20}},"4":{"start":{"line":21,"column":8},"end":{"line":21,"column":20}},"5":{"start":{"line":26,"column":8},"end":{"line":26,"column":20}},"6":{"start":{"line":31,"column":8},"end":{"line":31,"column":20}},"7":{"start":{"line":36,"column":8},"end":{"line":36,"column":20}},"8":{"start":{"line":41,"column":8},"end":{"line":41,"column":20}},"9":{"start":{"line":46,"column":8},"end":{"line":46,"column":20}},"10":{"start":{"line":51,"column":8},"end":{"line":51,"column":20}},"11":{"start":{"line":56,"column":8},"end":{"line":56,"column":20}},"12":{"start":{"line":61,"column":8},"end":{"line":61,"column":20}},"13":{"start":{"line":66,"column":8},"end":{"line":66,"column":20}},"14":{"start":{"line":70,"column":0},"end":{"line":70,"column":36}}},"fnMap":{"0":{"name":"(anonymous_0)","decl":{"start":{"line":4,"column":4},"end":{"line":4,"column":5}},"loc":{"start":{"line":4,"column":37},"end":{"line":7,"column":5}},"line":4},"1":{"name":"(anonymous_1)","decl":{"start":{"line":9,"column":4},"end":{"line":9,"column":5}},"loc":{"start":{"line":9,"column":32},"end":{"line":12,"column":5}},"line":9},"2":{"name":"(anonymous_2)","decl":{"start":{"line":14,"column":4},"end":{"line":14,"column":5}},"loc":{"start":{"line":14,"column":51},"end":{"line":17,"column":5}},"line":14},"3":{"name":"(anonymous_3)","decl":{"start":{"line":19,"column":4},"end":{"line":19,"column":5}},"loc":{"start":{"line":19,"column":35},"end":{"line":22,"column":5}},"line":19},"4":{"name":"(anonymous_4)","decl":{"start":{"line":24,"column":4},"end":{"line":24,"column":5}},"loc":{"start":{"line":24,"column":43},"end":{"line":27,"column":5}},"line":24},"5":{"name":"(anonymous_5)","decl":{"start":{"line":29,"column":4},"end":{"line":29,"column":5}},"loc":{"start":{"line":29,"column":37},"end":{"line":32,"column":5}},"line":29},"6":{"name":"(anonymous_6)","decl":{"start":{"line":34,"column":4},"end":{"line":34,"column":5}},"loc":{"start":{"line":34,"column":27},"end":{"line":37,"column":5}},"line":34},"7":{"name":"(anonymous_7)","decl":{"start":{"line":39,"column":4},"end":{"line":39,"column":5}},"loc":{"start":{"line":39,"column":52},"end":{"line":42,"column":5}},"line":39},"8":{"name":"(anonymous_8)","decl":{"start":{"line":44,"column":4},"end":{"line":44,"column":5}},"loc":{"start":{"line":44,"column":55},"end":{"line":47,"column":5}},"line":44},"9":{"name":"(anonymous_9)","decl":{"start":{"line":49,"column":4},"end":{"line":49,"column":5}},"loc":{"start":{"line":49,"column":56},"end":{"line":52,"column":5}},"line":49},"10":{"name":"(anonymous_10)","decl":{"start":{"line":54,"column":4},"end":{"line":54,"column":5}},"loc":{"start":{"line":54,"column":27},"end":{"line":57,"column":5}},"line":54},"11":{"name":"(anonymous_11)","decl":{"start":{"line":59,"column":4},"end":{"line":59,"column":5}},"loc":{"start":{"line":59,"column":51},"end":{"line":62,"column":5}},"line":59},"12":{"name":"(anonymous_12)","decl":{"start":{"line":64,"column":4},"end":{"line":64,"column":5}},"loc":{"start":{"line":64,"column":41},"end":{"line":67,"column":5}},"line":64}},"branchMap":{},"s":{"0":2,"1":2,"2":3,"3":3,"4":3,"5":2,"6":0,"7":0,"8":0,"9":0,"10":0,"11":0,"12":0,"13":0,"14":2},"f":{"0":2,"1":3,"2":3,"3":3,"4":2,"5":0,"6":0,"7":0,"8":0,"9":0,"10":0,"11":0,"12":0},"b":{},"_coverageSchema":"1a1c01bbd47fc00a2c39e90264f33305004495a9","hash":"ab2801cfaaef9d054d5027bdbacd3e357e98479b"}
}
